[0.841s] Invoking command in '/home/hanada/ros2_ws/src/mypkg': PYTHONPATH=/home/hanada/ros2_ws/src/mypkg/install/mypkg/lib/python3.8/site-packages:${PYTHONPATH} /usr/bin/python3 setup.py egg_info --egg-base build/mypkg build --build-base /home/hanada/ros2_ws/src/mypkg/build/mypkg/build install --prefix /home/hanada/ros2_ws/src/mypkg/install/mypkg --record /home/hanada/ros2_ws/src/mypkg/build/mypkg/install.log --single-version-externally-managed
[1.105s] running egg_info
[1.105s] creating build/mypkg/mypkg.egg-info
[1.106s] writing build/mypkg/mypkg.egg-info/PKG-INFO
[1.106s] writing dependency_links to build/mypkg/mypkg.egg-info/dependency_links.txt
[1.107s] writing entry points to build/mypkg/mypkg.egg-info/entry_points.txt
[1.107s] writing requirements to build/mypkg/mypkg.egg-info/requires.txt
[1.107s] writing top-level names to build/mypkg/mypkg.egg-info/top_level.txt
[1.108s] writing manifest file 'build/mypkg/mypkg.egg-info/SOURCES.txt'
[1.156s] reading manifest file 'build/mypkg/mypkg.egg-info/SOURCES.txt'
[1.157s] writing manifest file 'build/mypkg/mypkg.egg-info/SOURCES.txt'
[1.157s] running build
[1.158s] running build_py
[1.158s] creating /home/hanada/ros2_ws/src/mypkg/build/mypkg/build
[1.158s] creating /home/hanada/ros2_ws/src/mypkg/build/mypkg/build/lib
[1.158s] creating /home/hanada/ros2_ws/src/mypkg/build/mypkg/build/lib/mypkg
[1.158s] copying mypkg/talker.py -> /home/hanada/ros2_ws/src/mypkg/build/mypkg/build/lib/mypkg
[1.158s] copying mypkg/listener.py -> /home/hanada/ros2_ws/src/mypkg/build/mypkg/build/lib/mypkg
[1.158s] copying mypkg/__init__.py -> /home/hanada/ros2_ws/src/mypkg/build/mypkg/build/lib/mypkg
[1.158s] running install
[1.159s] running install_lib
[1.161s] creating /home/hanada/ros2_ws/src/mypkg/install/mypkg/lib/python3.8/site-packages/mypkg
[1.161s] copying /home/hanada/ros2_ws/src/mypkg/build/mypkg/build/lib/mypkg/talker.py -> /home/hanada/ros2_ws/src/mypkg/install/mypkg/lib/python3.8/site-packages/mypkg
[1.161s] copying /home/hanada/ros2_ws/src/mypkg/build/mypkg/build/lib/mypkg/listener.py -> /home/hanada/ros2_ws/src/mypkg/install/mypkg/lib/python3.8/site-packages/mypkg
[1.161s] copying /home/hanada/ros2_ws/src/mypkg/build/mypkg/build/lib/mypkg/__init__.py -> /home/hanada/ros2_ws/src/mypkg/install/mypkg/lib/python3.8/site-packages/mypkg
[1.162s] byte-compiling /home/hanada/ros2_ws/src/mypkg/install/mypkg/lib/python3.8/site-packages/mypkg/talker.py to talker.cpython-38.pyc
[1.164s] byte-compiling /home/hanada/ros2_ws/src/mypkg/install/mypkg/lib/python3.8/site-packages/mypkg/listener.py to listener.cpython-38.pyc
[1.165s] byte-compiling /home/hanada/ros2_ws/src/mypkg/install/mypkg/lib/python3.8/site-packages/mypkg/__init__.py to __init__.cpython-38.pyc
[1.166s] running install_data
[1.166s] creating /home/hanada/ros2_ws/src/mypkg/install/mypkg/share
[1.167s] creating /home/hanada/ros2_ws/src/mypkg/install/mypkg/share/ament_index
[1.167s] creating /home/hanada/ros2_ws/src/mypkg/install/mypkg/share/ament_index/resource_index
[1.167s] creating /home/hanada/ros2_ws/src/mypkg/install/mypkg/share/ament_index/resource_index/packages
[1.167s] copying resource/mypkg -> /home/hanada/ros2_ws/src/mypkg/install/mypkg/share/ament_index/resource_index/packages
[1.167s] creating /home/hanada/ros2_ws/src/mypkg/install/mypkg/share/mypkg
[1.167s] copying package.xml -> /home/hanada/ros2_ws/src/mypkg/install/mypkg/share/mypkg
[1.168s] copying launch/talk_listen.launch.py -> /home/hanada/ros2_ws/src/mypkg/install/mypkg/share/mypkg
[1.168s] running install_egg_info
[1.170s] Copying build/mypkg/mypkg.egg-info to /home/hanada/ros2_ws/src/mypkg/install/mypkg/lib/python3.8/site-packages/mypkg-0.0.0-py3.8.egg-info
[1.171s] running install_scripts
[1.195s] Installing listener script to /home/hanada/ros2_ws/src/mypkg/install/mypkg/lib/mypkg
[1.195s] Installing talker script to /home/hanada/ros2_ws/src/mypkg/install/mypkg/lib/mypkg
[1.196s] writing list of installed files to '/home/hanada/ros2_ws/src/mypkg/build/mypkg/install.log'
[1.239s] Invoked command in '/home/hanada/ros2_ws/src/mypkg' returned '0': PYTHONPATH=/home/hanada/ros2_ws/src/mypkg/install/mypkg/lib/python3.8/site-packages:${PYTHONPATH} /usr/bin/python3 setup.py egg_info --egg-base build/mypkg build --build-base /home/hanada/ros2_ws/src/mypkg/build/mypkg/build install --prefix /home/hanada/ros2_ws/src/mypkg/install/mypkg --record /home/hanada/ros2_ws/src/mypkg/build/mypkg/install.log --single-version-externally-managed
